Determining if the pthread_create exist failed with the following output:
Change Dir: /home/dongbo/Downloads/kafkaclient/cmake-build-debug/CMakeFiles/CMakeTmp

Run Build Command:"/opt/rh/devtoolset-8/root/bin/gmake" "cmTC_d07d1/fast"
/opt/rh/devtoolset-8/root/bin/gmake -f CMakeFiles/cmTC_d07d1.dir/build.make CMakeFiles/cmTC_d07d1.dir/build
gmake[1]: Entering directory '/home/dongbo/Downloads/kafkaclient/cmake-build-debug/CMakeFiles/CMakeTmp'
Building C object CMakeFiles/cmTC_d07d1.dir/CheckSymbolExists.c.o
/opt/rh/devtoolset-8/root/bin/cc    -o CMakeFiles/cmTC_d07d1.dir/CheckSymbolExists.c.o   -c /home/dongbo/Downloads/kafkaclient/cmake-build-debug/CMakeFiles/CMakeTmp/CheckSymbolExists.c
Linking C executable cmTC_d07d1
/home/dongbo/eosforce/1.8/bin/cmake -E cmake_link_script CMakeFiles/cmTC_d07d1.dir/link.txt --verbose=1
/opt/rh/devtoolset-8/root/bin/cc      CMakeFiles/cmTC_d07d1.dir/CheckSymbolExists.c.o  -o cmTC_d07d1 
CMakeFiles/cmTC_d07d1.dir/CheckSymbolExists.c.o: In function `main':
CheckSymbolExists.c:(.text+0x16): undefined reference to `pthread_create'
collect2: error: ld returned 1 exit status
gmake[1]: *** [CMakeFiles/cmTC_d07d1.dir/build.make:87: cmTC_d07d1] Error 1
gmake[1]: Leaving directory '/home/dongbo/Downloads/kafkaclient/cmake-build-debug/CMakeFiles/CMakeTmp'
gmake: *** [Makefile:121: cmTC_d07d1/fast] Error 2

File /home/dongbo/Downloads/kafkaclient/cmake-build-debug/CMakeFiles/CMakeTmp/CheckSymbolExists.c:
/* */
#include <pthread.h>

int main(int argc, char** argv)
{
  (void)argv;
#ifndef pthread_create
  return ((int*)(&pthread_create))[argc];
#else
  (void)argc;
  return 0;
#endif
}

Determining if the function pthread_create exists in the pthreads failed with the following output:
Change Dir: /home/dongbo/Downloads/kafkaclient/cmake-build-debug/CMakeFiles/CMakeTmp

Run Build Command:"/opt/rh/devtoolset-8/root/bin/gmake" "cmTC_8faaf/fast"
/opt/rh/devtoolset-8/root/bin/gmake -f CMakeFiles/cmTC_8faaf.dir/build.make CMakeFiles/cmTC_8faaf.dir/build
gmake[1]: Entering directory '/home/dongbo/Downloads/kafkaclient/cmake-build-debug/CMakeFiles/CMakeTmp'
Building C object CMakeFiles/cmTC_8faaf.dir/CheckFunctionExists.c.o
/opt/rh/devtoolset-8/root/bin/cc   -DCHECK_FUNCTION_EXISTS=pthread_create   -o CMakeFiles/cmTC_8faaf.dir/CheckFunctionExists.c.o   -c /home/dongbo/eosforce/1.8/share/cmake-3.13/Modules/CheckFunctionExists.c
Linking C executable cmTC_8faaf
/home/dongbo/eosforce/1.8/bin/cmake -E cmake_link_script CMakeFiles/cmTC_8faaf.dir/link.txt --verbose=1
/opt/rh/devtoolset-8/root/bin/cc  -DCHECK_FUNCTION_EXISTS=pthread_create    CMakeFiles/cmTC_8faaf.dir/CheckFunctionExists.c.o  -o cmTC_8faaf -lpthreads 
/opt/rh/devtoolset-8/root/usr/libexec/gcc/x86_64-redhat-linux/8/ld: cannot find -lpthreads
collect2: error: ld returned 1 exit status
gmake[1]: *** [CMakeFiles/cmTC_8faaf.dir/build.make:87: cmTC_8faaf] Error 1
gmake[1]: Leaving directory '/home/dongbo/Downloads/kafkaclient/cmake-build-debug/CMakeFiles/CMakeTmp'
gmake: *** [Makefile:121: cmTC_8faaf/fast] Error 2


